
==============================
BASELINE
==============================
KNeighborsClassifier: 58.61%
LogisticRegression  : 62.05%
SVC                 : 47.53%

==============================
baseline, random_state = 137
==============================
KNeighborsClassifier: 60.40%
LogisticRegression  : 63.62%
SVC                 : 46.81%

==============================
baseline, stratification added
==============================
KNeighborsClassifier: 61.60%
LogisticRegression  : 63.99%
SVC                 : 47.70%

==============================
first tune
==============================
KNeighborsClassifier: 76.14%
LogisticRegression  : 75.96%
SVC                 : 75.59%

==============================
 2024-11-12 15:36:12.099613
Reason: minor changes to functions
==============================
KNeighborsClassifier: 76.14%
LogisticRegression  : 75.96%
SVC                 : 75.59%

==============================
2024-11-12 15:53:56.796000
unique models 
==============================
LogisticRegression  : 76.11%
Pipeline            : 73.02%

==============================
2024-11-12 15:57:53.920103
hinge loss to LinearSVC added
==============================
LogisticRegression  : 76.11%
Pipeline            : 72.20%

==============================
2024-11-12 16:02:32.584611
kernel trick
==============================
Pipeline            : 73.88%


================================
********************************
================================
      DELETING EMPTY ROWS
================================
********************************
================================


==============================
2024-11-12 16:27:24.903423
baseline
==============================
KNeighborsClassifier: 58.68%
LogisticRegression  : 62.29%
SVC                 : 45.08%

==============================
2024-11-12 16:28:48.659188
best by gridsearch
==============================
KNeighborsClassifier: 74.85%
LogisticRegression  : 74.87%
SVC                 : 75.28%

==============================
2024-11-12 16:29:03.985626
logreg softmax, svm poly
==============================
LogisticRegression  : 75.47%
Pipeline            : 72.51%

==============================
2024-11-12 16:29:20.442889
kernel trick
==============================
Pipeline            : 73.74%

==============================
2024-11-12 16:29:28.458360
ultimate models
==============================
KNeighborsClassifier: 74.85%
LogisticRegression  : 75.47%
SVC                 : 75.28%


================================
********************************
================================
DELETING f5 and f8 features
================================
********************************
================================

==============================
2024-11-12 16:35:12.134566
base model
==============================
KNeighborsClassifier: 61.60%
LogisticRegression  : 63.14%
SVC                 : 47.92%

==============================
2024-11-12 16:37:06.825613
best by gridsearch
==============================
KNeighborsClassifier: 75.56%
LogisticRegression  : 75.32%
SVC                 : 75.41%

==============================
2024-11-12 16:37:21.449180
softmax, svm_poly
==============================
LogisticRegression  : 75.32%
Pipeline            : 73.78%

==============================
2024-11-12 16:37:33.981452
kernel trick
==============================
Pipeline            : 74.49%

==============================
2024-11-12 16:37:42.173556
ultimate models
==============================
KNeighborsClassifier: 75.56%
LogisticRegression  : 75.32%
SVC                 : 75.41%


================================
********************************
================================
back to the beginning
================================
********************************
================================



==============================
2024-11-12 16:41:26.722693
baseline
==============================
KNeighborsClassifier: 61.60%
LogisticRegression  : 63.99%
SVC                 : 47.70%

==============================
2024-11-12 16:43:02.012879
best by gridsearch
==============================
KNeighborsClassifier: 76.14%
LogisticRegression  : 75.96%
SVC                 : 75.59%

==============================
2024-11-12 16:43:20.571019
softmax, svm_poly
==============================
LogisticRegression  : 76.11%
Pipeline            : 72.20%

==============================
2024-11-12 16:43:32.998648
kernel trick
==============================
Pipeline            : 73.88%

==============================
2024-11-12 16:43:40.416144
ultimate models
==============================
KNeighborsClassifier: 76.14%
LogisticRegression  : 76.11%
SVC                 : 75.59%


==============================
2024-11-12 16:57:34.571961
average macro deleted
==============================
KNeighborsClassifier: 63.16%
LogisticRegression  : 66.55%
SVC                 : 66.55%

==============================
2024-11-12 17:02:42.272388
entire DF learning
==============================
KNeighborsClassifier: 60.95%
LogisticRegression  : 58.10%
SVC                 : 57.96%

==============================
2024-11-12 17:03:18.104760
ultimate models
==============================
KNeighborsClassifier: 76.14%
LogisticRegression  : 76.11%
SVC                 : 75.59%

================================
********************************
================================
remake
================================
********************************
================================


==============================
2024-11-13 09:06:34.196661
baseline
==============================
KNeighborsClassifier: 61.60%
LogisticRegression  : 64.55%
SVC                 : 47.70%

==============================
2024-11-13 09:08:15.032324
best by GS
==============================
KNeighborsClassifier: 76.14%
LogisticRegression  : 75.96%
SVC                 : 75.59%

==============================
2024-11-13 09:10:21.697347
unique models
==============================
LogisticRegression  : 76.11%
Pipeline            : 73.88%

==============================
2024-11-13 09:10:51.441351
ultimate models
==============================
KNeighborsClassifier: 76.14%
LogisticRegression  : 76.11%
SVC                 : 75.59%


==============================
2024-11-13 09:14:13.182426
results on validation sample
==============================
KNeighborsClassifier: 61.39%
LogisticRegression  : 68.96%
SVC                 : 66.43%

==============================
2024-11-13 09:17:30.514802
BBB
==============================
KNeighborsClassifier: 60.66%
LogisticRegression  : 68.62%
SVC                 : 67.79%

==============================
2024-11-13 09:22:18.983936
BBB softmax
==============================
LogisticRegression  : 68.62%
