========================================
2024-11-15 09:34:45.460968
baseline
========================================
LogisticRegression            : 74.89%
SVC                           : 74.73%

========================================
2024-11-15 09:35:39.097042
dtc scaled
========================================
DecisionTreeClassifier        : 86.79%

========================================
2024-11-15 09:35:59.515460
dtc unscaled
========================================
DecisionTreeClassifier        : 86.79%

========================================
2024-11-15 10:31:44.166254
best by random search
========================================
LogisticRegression       : 75.16%
SVC                      : 92.43%
DecisionTreeClassifier   : 78.02%

========================================
2024-11-15 10:36:09.376251
probability added to svm
========================================
LogisticRegression       : 75.21%
SVC                      : 92.65%
DecisionTreeClassifier   : 80.11%

========================================
2024-11-15 10:49:46.711436
lr
========================================
LogisticRegression       : 75.21%
SVC                      : 92.60%
DecisionTreeClassifier   : 79.25%


-= RESTART =-


========================================
2024-11-15 10:58:56.924901
baseline
========================================
LogisticRegression       : 74.71%
SVC                      : 74.59%

========================================
2024-11-15 10:59:25.736477
DTC
========================================
DecisionTreeClassifier   : 88.24%

========================================
2024-11-15 10:59:58.309530
dtc unscaled
========================================
DecisionTreeClassifier   : 88.24%

========================================
2024-11-15 11:00:58.745576
best by RS
========================================
LogisticRegression       : 75.15%
SVC                      : 91.32%
DecisionTreeClassifier   : 87.28%

========================================
2024-11-15 11:04:37.847363
linear kernel in SVM
========================================
LogisticRegression       : 75.15%
SVC                      : 74.92%
DecisionTreeClassifier   : 79.12%

========================================
2024-11-15 11:52:36.383180
best by RS
========================================
LogisticRegression       : 75.15%
SVC                      : 92.01%
DecisionTreeClassifier   : 78.56%

========================================
2024-11-15 11:56:45.891543
in search of best dtc
========================================
DecisionTreeClassifier   : 87.81%

========================================
2024-11-15 11:59:42.569380
in search of best DTC 2
========================================
DecisionTreeClassifier   : 87.62%

========================================
2024-11-15 12:01:23.154585
3
========================================
DecisionTreeClassifier   : 87.81%

========================================
2024-11-15 12:04:10.052029
4
========================================
DecisionTreeClassifier   : 88.10%

========================================
2024-11-15 12:04:51.550149
5
========================================
DecisionTreeClassifier   : 83.84%

========================================
2024-11-15 12:07:35.543501
6
========================================
DecisionTreeClassifier   : 87.81%

========================================
2024-11-15 12:09:02.468135
7
========================================
DecisionTreeClassifier   : 87.81%

========================================
2024-11-15 12:11:20.569611
7
========================================
DecisionTreeClassifier   : 86.86%

========================================
2024-11-15 12:12:16.245342
8
========================================
DecisionTreeClassifier   : 85.33%

========================================
2024-11-15 12:12:33.227847
8
========================================
DecisionTreeClassifier   : 85.33%

========================================
2024-11-15 12:12:46.867680
9
========================================
DecisionTreeClassifier   : 87.81%

========================================
2024-11-15 12:13:53.738937
10
========================================
DecisionTreeClassifier   : 87.81%

========================================
2024-11-15 12:14:58.937187
11
========================================
DecisionTreeClassifier   : 87.61%

========================================
2024-11-15 12:15:45.289448
12
========================================
DecisionTreeClassifier   : 87.61%

========================================
2024-11-15 12:16:19.755336
13
========================================
DecisionTreeClassifier   : 87.81%

========================================
2024-11-15 12:18:09.404934
14
========================================
DecisionTreeClassifier   : 87.61%


- = RESTART = -


========================================
2024-11-15 12:49:22.262914
baseline
========================================
LogisticRegression       : 74.58%
SVC                      : 74.35%
DecisionTreeClassifier   : 88.36%

========================================
2024-11-15 12:49:26.286579
unscaled dtc
========================================
DecisionTreeClassifier   : 88.29%

========================================
2024-11-15 12:56:37.449219
best by GS
========================================
LogisticRegression       : 74.68%
SVC                      : 91.87%
DecisionTreeClassifier   : 88.36%

========================================
2024-11-15 12:57:48.640673
lr to 0.6
========================================
LogisticRegression       : 74.74%
SVC                      : 91.87%
DecisionTreeClassifier   : 88.36%

========================================
2024-11-15 14:51:33.868338
baseline
========================================
LogisticRegression       : 74.28%
SVC                      : 74.00%
DecisionTreeClassifier   : 85.36%

========================================
2024-11-15 14:51:40.876741
unscaled
========================================
DecisionTreeClassifier   : 85.36%

========================================
2024-11-15 14:52:26.631248
best by gridsearch
========================================
LogisticRegression       : 74.50%
SVC                      : 91.19%
DecisionTreeClassifier   : 85.36%

=============================================================
2024-11-15 17:24:27.968607
baseline - no minutes
=============================================================
LogisticRegression       : 69.76%
SVC                      : 70.28%
DecisionTreeClassifier   : 82.93%


========================================
2024-11-15 17:29:52.930378
baseline
========================================
LogisticRegression       : 73.76%
SVC                      : 73.32%
DecisionTreeClassifier   : 86.80%

========================================
2024-11-15 17:30:08.525692
best by GS
========================================
LogisticRegression       : 73.87%
SVC                      : 91.43%
DecisionTreeClassifier   : 86.80%

========================================
2024-11-15 17:41:06.654040
lr softmax
========================================
LogisticRegression       : 73.69%
SVC                      : 91.43%
DecisionTreeClassifier   : 86.80%

========================================
2024-11-15 17:42:36.456839
дк
========================================
LogisticRegression       : 73.87%
SVC                      : 91.43%
DecisionTreeClassifier   : 86.80%

========================================
2024-11-15 17:49:58.882730
baseline stratify
========================================
LogisticRegression       : 61.47%
SVC                      : 50.00%
DecisionTreeClassifier   : 80.88%

========================================
2024-11-15 17:50:41.328802
stratify - best by GS
========================================
LogisticRegression       : 74.97%
SVC                      : 75.18%
DecisionTreeClassifier   : 80.88%



========================================
2024-11-15 18:12:55.324824
back to SMOTE - baseline
========================================
LogisticRegression       : 74.39%
SVC                      : 73.95%
DecisionTreeClassifier   : 87.14%

========================================
2024-11-15 18:13:22.954267
back to SMOTE - best by GS
========================================
LogisticRegression       : 74.72%
SVC                      : 92.10%
DecisionTreeClassifier   : 87.14%
